# JRE version: Java(TM) SE Runtime Environment (19.0.1+10) (build 19.0.1+10-21)
# Java VM: Java HotSpot(TM) 64-Bit Server VM (19.0.1+10-21, mixed mode, sharing, tiered, compressed oops, compressed class ptrs, g1 gc, windows-amd64)
GC Precious Log:
 CardTable entry size: 512
 Card Set container configuration: InlinePtr #cards 5 size 8 Array Of Cards #cards 12 size 40 Howl #buckets 4 coarsen threshold 1843 Howl Bitmap #cards 512 size 80 coarsen threshold 460 Card regions per heap region 1 cards per card region 2048
 CPUs: 16 total, 16 available
 Memory: 7955M
 Large Page Support: Disabled
 NUMA Support: Disabled
 Compressed Oops: Enabled (32-bit)
 Heap Region Size: 1M
 Heap Min Capacity: 8M
 Heap Initial Capacity: 126M
 Heap Max Capacity: 1990M
 Pre-touch: Disabled
 Parallel Workers: 13
 Concurrent Workers: 3
 Concurrent Refinement Workers: 13
 Periodic GC: Disabled
Heap:
 garbage-first heap   total 132096K, used 42677K [0x0000000083a00000, 0x0000000100000000)
  region size 1024K, 8 young (8192K), 2 survivors (2048K)
 Metaspace       used 84881K, committed 85632K, reserved 1179648K
  class space    used 10676K, committed 11008K, reserved 1048576K
GC Heap History (20 events):
Event: 14.171 GC heap before
{Heap before GC invocations=17 (full 0):
 garbage-first heap   total 75776K, used 58197K [0x0000000083a00000, 0x0000000100000000)
  region size 1024K, 31 young (31744K), 1 survivors (1024K)
 Metaspace       used 69207K, committed 69888K, reserved 1114112K
  class space    used 9155K, committed 9472K, reserved 1048576K
}
Event: 14.177 GC heap after
{Heap after GC invocations=18 (full 0):
 garbage-first heap   total 75776K, used 30094K [0x0000000083a00000, 0x0000000100000000)
  region size 1024K, 3 young (3072K), 3 survivors (3072K)
 Metaspace       used 69207K, committed 69888K, reserved 1114112K
  class space    used 9155K, committed 9472K, reserved 1048576K
}
Event: 14.308 GC heap before
{Heap before GC invocations=18 (full 0):
 garbage-first heap   total 75776K, used 58766K [0x0000000083a00000, 0x0000000100000000)
  region size 1024K, 31 young (31744K), 3 survivors (3072K)
 Metaspace       used 69350K, committed 70016K, reserved 1114112K
  class space    used 9162K, committed 9472K, reserved 1048576K
}
Event: 14.311 GC heap after
{Heap after GC invocations=19 (full 0):
 garbage-first heap   total 75776K, used 30942K [0x0000000083a00000, 0x0000000100000000)
  region size 1024K, 1 young (1024K), 1 survivors (1024K)
 Metaspace       used 69350K, committed 70016K, reserved 1114112K
  class space    used 9162K, committed 9472K, reserved 1048576K
}
Event: 14.504 GC heap before
{Heap before GC invocations=19 (full 0):
 garbage-first heap   total 75776K, used 60638K [0x0000000083a00000, 0x0000000100000000)
  region size 1024K, 30 young (30720K), 1 survivors (1024K)
 Metaspace       used 69539K, committed 70208K, reserved 1114112K
  class space    used 9174K, committed 9472K, reserved 1048576K
}
Event: 14.508 GC heap after
{Heap after GC invocations=20 (full 0):
 garbage-first heap   total 132096K, used 31427K [0x0000000083a00000, 0x0000000100000000)
  region size 1024K, 2 young (2048K), 2 survivors (2048K)
 Metaspace       used 69539K, committed 70208K, reserved 1114112K
  class space    used 9174K, committed 9472K, reserved 1048576K
}
Event: 17.805 GC heap before
{Heap before GC invocations=20 (full 0):
 garbage-first heap   total 132096K, used 100035K [0x0000000083a00000, 0x0000000100000000)
  region size 1024K, 69 young (70656K), 2 survivors (2048K)
 Metaspace       used 76907K, committed 77632K, reserved 1179648K
  class space    used 10166K, committed 10496K, reserved 1048576K
}
Event: 17.812 GC heap after
{Heap after GC invocations=21 (full 0):
 garbage-first heap   total 132096K, used 36219K [0x0000000083a00000, 0x0000000100000000)
  region size 1024K, 7 young (7168K), 7 survivors (7168K)
 Metaspace       used 76907K, committed 77632K, reserved 1179648K
  class space    used 10166K, committed 10496K, reserved 1048576K
}
Event: 22.668 GC heap before
{Heap before GC invocations=21 (full 0):
 garbage-first heap   total 132096K, used 101755K [0x0000000083a00000, 0x0000000100000000)
  region size 1024K, 72 young (73728K), 7 survivors (7168K)
 Metaspace       used 82737K, committed 83520K, reserved 1179648K
  class space    used 10651K, committed 11008K, reserved 1048576K
}
Event: 22.676 GC heap after
{Heap after GC invocations=22 (full 0):
 garbage-first heap   total 132096K, used 37833K [0x0000000083a00000, 0x0000000100000000)
  region size 1024K, 2 young (2048K), 2 survivors (2048K)
 Metaspace       used 82737K, committed 83520K, reserved 1179648K
  class space    used 10651K, committed 11008K, reserved 1048576K
}
Event: 29.832 GC heap before
{Heap before GC invocations=22 (full 0):
 garbage-first heap   total 132096K, used 104393K [0x0000000083a00000, 0x0000000100000000)
  region size 1024K, 68 young (69632K), 2 survivors (2048K)
 Metaspace       used 84261K, committed 84992K, reserved 1179648K
  class space    used 10675K, committed 11008K, reserved 1048576K
}
Event: 29.841 GC heap after
{Heap after GC invocations=23 (full 0):
 garbage-first heap   total 132096K, used 37547K [0x0000000083a00000, 0x0000000100000000)
  region size 1024K, 2 young (2048K), 2 survivors (2048K)
 Metaspace       used 84261K, committed 84992K, reserved 1179648K
  class space    used 10675K, committed 11008K, reserved 1048576K
}
Event: 42.883 GC heap before
{Heap before GC invocations=23 (full 0):
 garbage-first heap   total 132096K, used 108203K [0x0000000083a00000, 0x0000000100000000)
  region size 1024K, 71 young (72704K), 2 survivors (2048K)
 Metaspace       used 84557K, committed 85248K, reserved 1179648K
  class space    used 10675K, committed 11008K, reserved 1048576K
}
Event: 42.949 GC heap after
{Heap after GC invocations=24 (full 0):
 garbage-first heap   total 132096K, used 37551K [0x0000000083a00000, 0x0000000100000000)
  region size 1024K, 2 young (2048K), 2 survivors (2048K)
 Metaspace       used 84557K, committed 85248K, reserved 1179648K
  class space    used 10675K, committed 11008K, reserved 1048576K
}
Event: 51.480 GC heap before
{Heap before GC invocations=24 (full 0):
 garbage-first heap   total 132096K, used 109231K [0x0000000083a00000, 0x0000000100000000)
  region size 1024K, 73 young (74752K), 2 survivors (2048K)
 Metaspace       used 84694K, committed 85440K, reserved 1179648K
  class space    used 10675K, committed 11008K, reserved 1048576K
}
Event: 51.492 GC heap after
{Heap after GC invocations=25 (full 0):
 garbage-first heap   total 132096K, used 37617K [0x0000000083a00000, 0x0000000100000000)
  region size 1024K, 2 young (2048K), 2 survivors (2048K)
 Metaspace       used 84694K, committed 85440K, reserved 1179648K
  class space    used 10675K, committed 11008K, reserved 1048576K
}
Event: 57.212 GC heap before
{Heap before GC invocations=25 (full 0):
 garbage-first heap   total 132096K, used 110321K [0x0000000083a00000, 0x0000000100000000)
  region size 1024K, 74 young (75776K), 2 survivors (2048K)
 Metaspace       used 84872K, committed 85632K, reserved 1179648K
  class space    used 10676K, committed 11008K, reserved 1048576K
}
Event: 57.243 GC heap after
{Heap after GC invocations=26 (full 0):
 garbage-first heap   total 132096K, used 37638K [0x0000000083a00000, 0x0000000100000000)
  region size 1024K, 2 young (2048K), 2 survivors (2048K)
 Metaspace       used 84872K, committed 85632K, reserved 1179648K
  class space    used 10676K, committed 11008K, reserved 1048576K
}
Event: 63.274 GC heap before
{Heap before GC invocations=26 (full 0):
 garbage-first heap   total 132096K, used 112390K [0x0000000083a00000, 0x0000000100000000)
  region size 1024K, 75 young (76800K), 2 survivors (2048K)
 Metaspace       used 84881K, committed 85632K, reserved 1179648K
  class space    used 10676K, committed 11008K, reserved 1048576K
}
Event: 63.286 GC heap after
{Heap after GC invocations=27 (full 0):
 garbage-first heap   total 132096K, used 37557K [0x0000000083a00000, 0x0000000100000000)
  region size 1024K, 2 young (2048K), 2 survivors (2048K)
 Metaspace       used 84881K, committed 85632K, reserved 1179648K
  class space    used 10676K, committed 11008K, reserved 1048576K
}

